
PLAY [Roles] **********************************************************************************************************************

TASK [check_users : Check whether id exists] **************************************************************************************
fatal: [b01cxnp14055.gho.pok.ibm.com]: UNREACHABLE! => {"changed": false, "msg": "Failed to connect to the host via ssh: ssh: connect to host b01cxnp14055.gho.pok.ibm.com port 22: Connection timed out", "unreachable": true}
fatal: [b01acirdb085.ahe.pok.ibm.com]: FAILED! => {"changed": true, "cmd": "cat /etc/passwd | grep -i \"automate\"", "delta": "0:00:00.116834", "end": "2019-06-19 03:50:12.658958", "msg": "non-zero return code", "rc": 1, "start": "2019-06-19 03:50:12.542124", "stderr": "", "stderr_lines": [], "stdout": "", "stdout_lines": []}
fatal: [b01aciapp070.ahe.pok.ibm.com]: FAILED! => {"changed": true, "cmd": "cat /etc/passwd | grep -i \"automate\"", "delta": "0:00:00.110848", "end": "2019-06-19 03:50:12.780190", "msg": "non-zero return code", "rc": 1, "start": "2019-06-19 03:50:12.669342", "stderr": "", "stderr_lines": [], "stdout": "", "stdout_lines": []}
fatal: [b01aciapp072.ahe.pok.ibm.com]: FAILED! => {"changed": true, "cmd": "cat /etc/passwd | grep -i \"automate\"", "delta": "0:00:00.110915", "end": "2019-06-19 03:50:12.883561", "msg": "non-zero return code", "rc": 1, "start": "2019-06-19 03:50:12.772646", "stderr": "", "stderr_lines": [], "stdout": "", "stdout_lines": []}
fatal: [b01acirdb084.ahe.pok.ibm.com]: FAILED! => {"changed": true, "cmd": "cat /etc/passwd | grep -i \"automate\"", "delta": "0:00:01.094020", "end": "2019-06-19 03:50:13.346342", "msg": "non-zero return code", "rc": 1, "start": "2019-06-19 03:50:12.252322", "stderr": "", "stderr_lines": [], "stdout": "", "stdout_lines": []}
fatal: [b01acimq008.ahe.pok.ibm.com]: FAILED! => {"changed": true, "cmd": "cat /etc/passwd | grep -i \"automate\"", "delta": "0:00:00.102070", "end": "2019-06-19 03:49:09.668251", "msg": "non-zero return code", "rc": 1, "start": "2019-06-19 03:49:09.566181", "stderr": "", "stderr_lines": [], "stdout": "", "stdout_lines": []}
fatal: [b01acimq009.ahe.pok.ibm.com]: FAILED! => {"changed": true, "cmd": "cat /etc/passwd | grep -i \"automate\"", "delta": "0:00:00.044641", "end": "2019-06-19 03:50:25.932207", "msg": "non-zero return code", "rc": 1, "start": "2019-06-19 03:50:25.887566", "stderr": "", "stderr_lines": [], "stdout": "", "stdout_lines": []}
changed: [b01avi13765401.ahe.pok.ibm.com]
changed: [b01avi13765400.ahe.pok.ibm.com]
fatal: [b03cxnp07055.gho.boulder.ibm.com]: FAILED! => {"changed": true, "cmd": "cat /etc/passwd | grep -i \"automate\"", "delta": "0:00:00.080727", "end": "2019-06-19 03:50:26.964507", "msg": "non-zero return code", "rc": 1, "start": "2019-06-19 03:50:26.883780", "stderr": "", "stderr_lines": [], "stdout": "", "stdout_lines": []}
changed: [b01avi13765402.ahe.pok.ibm.com]
changed: [b01avi13765403.ahe.pok.ibm.com]
changed: [b01avi13765406.ahe.pok.ibm.com]
changed: [b01avi13765404.ahe.pok.ibm.com]
changed: [b01avi13765405.ahe.pok.ibm.com]
changed: [b01avi13765408.ahe.pok.ibm.com]
changed: [b01avi13765409.ahe.pok.ibm.com]
fatal: [b01avi18666370.ahe.pok.ibm.com]: FAILED! => {"changed": false, "module_stderr": "Shared connection to b01avi18666370.ahe.pok.ibm.com closed.\r\n", "module_stdout": "sudo: a password is required\r\n", "msg": "MODULE FAILURE\nSee stdout/stderr for the exact error", "rc": 1}
changed: [b01avi18652570.ahe.pok.ibm.com]
fatal: [b01zcimq004.pok.ibm.com]: FAILED! => {"changed": true, "cmd": "cat /etc/passwd | grep -i \"automate\"", "delta": "0:00:00.005752", "end": "2019-06-19 03:50:52.366474", "msg": "non-zero return code", "rc": 1, "start": "2019-06-19 03:50:52.360722", "stderr": "", "stderr_lines": [], "stdout": "", "stdout_lines": []}
fatal: [b01zcimq005.pok.ibm.com]: FAILED! => {"changed": true, "cmd": "cat /etc/passwd | grep -i \"automate\"", "delta": "0:00:00.004631", "end": "2019-06-19 03:50:59.376511", "msg": "non-zero return code", "rc": 1, "start": "2019-06-19 03:50:59.371880", "stderr": "", "stderr_lines": [], "stdout": "", "stdout_lines": []}
fatal: [b03zcimq005.boulder.ibm.com]: FAILED! => {"changed": true, "cmd": "cat /etc/passwd | grep -i \"automate\"", "delta": "0:00:00.005033", "end": "2019-06-19 03:51:00.068463", "msg": "non-zero return code", "rc": 1, "start": "2019-06-19 03:51:00.063430", "stderr": "", "stderr_lines": [], "stdout": "", "stdout_lines": []}
fatal: [b03zcimq006.boulder.ibm.com]: FAILED! => {"changed": true, "cmd": "cat /etc/passwd | grep -i \"automate\"", "delta": "0:00:00.005063", "end": "2019-06-19 03:51:02.044908", "msg": "non-zero return code", "rc": 1, "start": "2019-06-19 03:51:02.039845", "stderr": "", "stderr_lines": [], "stdout": "", "stdout_lines": []}
fatal: [g01zcxrdb013.ahe.pok.ibm.com]: FAILED! => {"changed": true, "cmd": "cat /etc/passwd | grep -i \"automate\"", "delta": "0:00:00.003840", "end": "2019-06-19 03:51:04.517201", "msg": "non-zero return code", "rc": 1, "start": "2019-06-19 03:51:04.513361", "stderr": "", "stderr_lines": [], "stdout": "", "stdout_lines": []}
fatal: [g01zcxwas035.ahe.pok.ibm.com]: FAILED! => {"changed": true, "cmd": "cat /etc/passwd | grep -i \"automate\"", "delta": "0:00:00.005368", "end": "2019-06-19 03:51:04.743306", "msg": "non-zero return code", "rc": 1, "start": "2019-06-19 03:51:04.737938", "stderr": "", "stderr_lines": [], "stdout": "", "stdout_lines": []}
fatal: [g03zcxrdb007.ahe.boulder.ibm.com]: FAILED! => {"changed": true, "cmd": "cat /etc/passwd | grep -i \"automate\"", "delta": "0:00:00.005273", "end": "2019-06-19 03:51:10.414464", "msg": "non-zero return code", "rc": 1, "start": "2019-06-19 03:51:10.409191", "stderr": "", "stderr_lines": [], "stdout": "", "stdout_lines": []}
fatal: [g01zcxwas036.ahe.pok.ibm.com]: FAILED! => {"changed": true, "cmd": "cat /etc/passwd | grep -i \"automate\"", "delta": "0:00:00.005229", "end": "2019-06-19 03:51:10.950480", "msg": "non-zero return code", "rc": 1, "start": "2019-06-19 03:51:10.945251", "stderr": "", "stderr_lines": [], "stdout": "", "stdout_lines": []}
fatal: [g03zcxwas088.ahe.boulder.ibm.com]: FAILED! => {"changed": true, "cmd": "cat /etc/passwd | grep -i \"automate\"", "delta": "0:00:00.004515", "end": "2019-06-19 03:51:12.978985", "msg": "non-zero return code", "rc": 1, "start": "2019-06-19 03:51:12.974470", "stderr": "", "stderr_lines": [], "stdout": "", "stdout_lines": []}
fatal: [g03zcxwas089.ahe.boulder.ibm.com]: FAILED! => {"changed": true, "cmd": "cat /etc/passwd | grep -i \"automate\"", "delta": "0:00:00.002957", "end": "2019-06-19 03:51:16.356105", "msg": "non-zero return code", "rc": 1, "start": "2019-06-19 03:51:16.353148", "stderr": "", "stderr_lines": [], "stdout": "", "stdout_lines": []}
fatal: [b01zvi13645001.ahe.pok.ibm.com]: FAILED! => {"changed": true, "cmd": "cat /etc/passwd | grep -i \"automate\"", "delta": "0:00:00.003718", "end": "2019-06-19 03:51:17.931832", "msg": "non-zero return code", "rc": 1, "start": "2019-06-19 03:51:17.928114", "stderr": "", "stderr_lines": [], "stdout": "", "stdout_lines": []}
fatal: [b01zvi14398350.ahe.pok.ibm.com]: FAILED! => {"changed": true, "cmd": "cat /etc/passwd | grep -i \"automate\"", "delta": "0:00:00.003856", "end": "2019-06-19 03:51:23.159222", "msg": "non-zero return code", "rc": 1, "start": "2019-06-19 03:51:23.155366", "stderr": "", "stderr_lines": [], "stdout": "", "stdout_lines": []}
changed: [b01zvi13645003.ahe.pok.ibm.com]
fatal: [b01zvi13645004.ahe.pok.ibm.com]: FAILED! => {"changed": true, "cmd": "cat /etc/passwd | grep -i \"automate\"", "delta": "0:00:00.002533", "end": "2019-06-19 03:51:25.266251", "msg": "non-zero return code", "rc": 1, "start": "2019-06-19 03:51:25.263718", "stderr": "", "stderr_lines": [], "stdout": "", "stdout_lines": []}
changed: [b03zvi13868160.ahe.boulder.ibm.com]
fatal: [b03zvi14724770.ahe.boulder.ibm.com]: FAILED! => {"changed": true, "cmd": "cat /etc/passwd | grep -i \"automate\"", "delta": "0:00:00.003333", "end": "2019-06-19 03:51:28.673207", "msg": "non-zero return code", "rc": 1, "start": "2019-06-19 03:51:28.669874", "stderr": "", "stderr_lines": [], "stdout": "", "stdout_lines": []}
fatal: [b03zvi14724771.ahe.boulder.ibm.com]: FAILED! => {"changed": true, "cmd": "cat /etc/passwd | grep -i \"automate\"", "delta": "0:00:00.005180", "end": "2019-06-19 03:51:35.093211", "msg": "non-zero return code", "rc": 1, "start": "2019-06-19 03:51:35.088031", "stderr": "", "stderr_lines": [], "stdout": "", "stdout_lines": []}
fatal: [b03zvi14724773.ahe.boulder.ibm.com]: FAILED! => {"changed": true, "cmd": "cat /etc/passwd | grep -i \"automate\"", "delta": "0:00:00.010204", "end": "2019-06-19 03:51:38.830371", "msg": "non-zero return code", "rc": 1, "start": "2019-06-19 03:51:38.820167", "stderr": "", "stderr_lines": [], "stdout": "", "stdout_lines": []}
fatal: [g01acdrdb011.ahe.pok.ibm.com]: FAILED! => {"changed": true, "cmd": "cat /etc/passwd | grep -i \"automate\"", "delta": "0:00:00.047660", "end": "2019-06-19 07:51:43.699479", "msg": "non-zero return code", "rc": 1, "start": "2019-06-19 07:51:43.651819", "stderr": "", "stderr_lines": [], "stdout": "", "stdout_lines": []}
fatal: [g01aciwpr003.ahe.pok.ibm.com]: FAILED! => {"changed": true, "cmd": "cat /etc/passwd | grep -i \"automate\"", "delta": "0:00:00.049081", "end": "2019-06-19 07:51:44.003771", "msg": "non-zero return code", "rc": 1, "start": "2019-06-19 07:51:43.954690", "stderr": "", "stderr_lines": [], "stdout": "", "stdout_lines": []}
changed: [b01ciproxy002.ahe.pok.ibm.com]
fatal: [b01lciwodm001.ahe.pok.ibm.com]: FAILED! => {"changed": false, "module_stderr": "Shared connection to b01lciwodm001.ahe.pok.ibm.com closed.\r\n", "module_stdout": "sudo: a password is required\r\n", "msg": "MODULE FAILURE\nSee stdout/stderr for the exact error", "rc": 1}
fatal: [g03acddbp001.ahe.boulder.ibm.com]: FAILED! => {"changed": true, "cmd": "cat /etc/passwd | grep -i \"automate\"", "delta": "0:00:00.069452", "end": "2019-06-19 03:51:57.119459", "msg": "non-zero return code", "rc": 1, "start": "2019-06-19 03:51:57.050007", "stderr": "", "stderr_lines": [], "stdout": "", "stdout_lines": []}
fatal: [g03acddbp002.ahe.boulder.ibm.com]: FAILED! => {"changed": true, "cmd": "cat /etc/passwd | grep -i \"automate\"", "delta": "0:00:00.131154", "end": "2019-06-19 03:51:58.763347", "msg": "non-zero return code", "rc": 1, "start": "2019-06-19 03:51:58.632193", "stderr": "", "stderr_lines": [], "stdout": "", "stdout_lines": []}
fatal: [g03acdnfs001.ahe.boulder.ibm.com]: FAILED! => {"changed": true, "cmd": "cat /etc/passwd | grep -i \"automate\"", "delta": "0:00:00.055562", "end": "2019-06-19 03:51:58.833669", "msg": "non-zero return code", "rc": 1, "start": "2019-06-19 03:51:58.778107", "stderr": "", "stderr_lines": [], "stdout": "", "stdout_lines": []}
fatal: [b03zvi14724772.ahe.boulder.ibm.com]: FAILED! => {"changed": true, "cmd": "cat /etc/passwd | grep -i \"automate\"", "delta": "0:00:00.207991", "end": "2019-06-19 03:52:02.525121", "msg": "non-zero return code", "rc": 1, "start": "2019-06-19 03:52:02.317130", "stderr": "", "stderr_lines": [], "stdout": "", "stdout_lines": []}
fatal: [g03acdnfs002.ahe.boulder.ibm.com]: FAILED! => {"changed": true, "cmd": "cat /etc/passwd | grep -i \"automate\"", "delta": "0:00:00.118495", "end": "2019-06-19 03:52:06.473184", "msg": "non-zero return code", "rc": 1, "start": "2019-06-19 03:52:06.354689", "stderr": "", "stderr_lines": [], "stdout": "", "stdout_lines": []}
changed: [g03acdrdbha013.ahe.boulder.ibm.com]
fatal: [g03acdrdbha014.ahe.boulder.ibm.com]: FAILED! => {"changed": true, "cmd": "cat /etc/passwd | grep -i \"automate\"", "delta": "0:00:00.049026", "end": "2019-06-19 03:52:10.404793", "msg": "non-zero return code", "rc": 1, "start": "2019-06-19 03:52:10.355767", "stderr": "", "stderr_lines": [], "stdout": "", "stdout_lines": []}
fatal: [g03acdwas009.ahe.boulder.ibm.com]: FAILED! => {"changed": true, "cmd": "cat /etc/passwd | grep -i \"automate\"", "delta": "0:00:00.050878", "end": "2019-06-19 03:52:10.391963", "msg": "non-zero return code", "rc": 1, "start": "2019-06-19 03:52:10.341085", "stderr": "", "stderr_lines": [], "stdout": "", "stdout_lines": []}
fatal: [g03acdwas010.ahe.boulder.ibm.com]: FAILED! => {"changed": true, "cmd": "cat /etc/passwd | grep -i \"automate\"", "delta": "0:00:00.084009", "end": "2019-06-19 03:52:16.796300", "msg": "non-zero return code", "rc": 1, "start": "2019-06-19 03:52:16.712291", "stderr": "", "stderr_lines": [], "stdout": "", "stdout_lines": []}
fatal: [g03acdwas011.ahe.boulder.ibm.com]: FAILED! => {"changed": true, "cmd": "cat /etc/passwd | grep -i \"automate\"", "delta": "0:00:00.051543", "end": "2019-06-19 03:52:17.348200", "msg": "non-zero return code", "rc": 1, "start": "2019-06-19 03:52:17.296657", "stderr": "", "stderr_lines": [], "stdout": "", "stdout_lines": []}
fatal: [g03acdwas012.ahe.boulder.ibm.com]: FAILED! => {"changed": true, "cmd": "cat /etc/passwd | grep -i \"automate\"", "delta": "0:00:00.049113", "end": "2019-06-19 03:52:20.694506", "msg": "non-zero return code", "rc": 1, "start": "2019-06-19 03:52:20.645393", "stderr": "", "stderr_lines": [], "stdout": "", "stdout_lines": []}
fatal: [g03acdwas014.ahe.boulder.ibm.com]: FAILED! => {"changed": true, "cmd": "cat /etc/passwd | grep -i \"automate\"", "delta": "0:00:00.053867", "end": "2019-06-19 03:52:22.259568", "msg": "non-zero return code", "rc": 1, "start": "2019-06-19 03:52:22.205701", "stderr": "", "stderr_lines": [], "stdout": "", "stdout_lines": []}
fatal: [g03acdwas013.ahe.boulder.ibm.com]: FAILED! => {"changed": true, "cmd": "cat /etc/passwd | grep -i \"automate\"", "delta": "0:00:00.055443", "end": "2019-06-19 03:52:23.255672", "msg": "non-zero return code", "rc": 1, "start": "2019-06-19 03:52:23.200229", "stderr": "", "stderr_lines": [], "stdout": "", "stdout_lines": []}
fatal: [b03aciproxy001.ahe.boulder.ibm.com]: FAILED! => {"changed": true, "cmd": "cat /etc/passwd | grep -i \"automate\"", "delta": "0:00:00.056305", "end": "2019-06-19 02:52:28.472374", "msg": "non-zero return code", "rc": 1, "start": "2019-06-19 02:52:28.416069", "stderr": "", "stderr_lines": [], "stdout": "", "stdout_lines": []}
fatal: [b03aciproxy002.ahe.boulder.ibm.com]: FAILED! => {"changed": true, "cmd": "cat /etc/passwd | grep -i \"automate\"", "delta": "0:00:00.056585", "end": "2019-06-19 02:52:28.574410", "msg": "non-zero return code", "rc": 1, "start": "2019-06-19 02:52:28.517825", "stderr": "", "stderr_lines": [], "stdout": "", "stdout_lines": []}
fatal: [b03aciproxy003.ahe.boulder.ibm.com]: FAILED! => {"changed": true, "cmd": "cat /etc/passwd | grep -i \"automate\"", "delta": "0:00:00.059699", "end": "2019-06-19 02:52:31.249930", "msg": "non-zero return code", "rc": 1, "start": "2019-06-19 02:52:31.190231", "stderr": "", "stderr_lines": [], "stdout": "", "stdout_lines": []}
fatal: [b03aciproxy004.ahe.boulder.ibm.com]: FAILED! => {"changed": true, "cmd": "cat /etc/passwd | grep -i \"automate\"", "delta": "0:00:00.055571", "end": "2019-06-19 02:52:32.835917", "msg": "non-zero return code", "rc": 1, "start": "2019-06-19 02:52:32.780346", "stderr": "", "stderr_lines": [], "stdout": "", "stdout_lines": []}
fatal: [y03acxproxy001.maint.ahe.boulder.ibm.com]: FAILED! => {"changed": true, "cmd": "cat /etc/passwd | grep -i \"automate\"", "delta": "0:00:00.046865", "end": "2019-06-19 03:52:26.601363", "msg": "non-zero return code", "rc": 1, "start": "2019-06-19 03:52:26.554498", "stderr": "", "stderr_lines": [], "stdout": "", "stdout_lines": []}
fatal: [y03acxproxy002.maint.ahe.boulder.ibm.com]: FAILED! => {"changed": true, "cmd": "cat /etc/passwd | grep -i \"automate\"", "delta": "0:00:00.066182", "end": "2019-06-19 03:52:32.761382", "msg": "non-zero return code", "rc": 1, "start": "2019-06-19 03:52:32.695200", "stderr": "", "stderr_lines": [], "stdout": "", "stdout_lines": []}
fatal: [y03acxproxy003.maint.ahe.boulder.ibm.com]: FAILED! => {"changed": true, "cmd": "cat /etc/passwd | grep -i \"automate\"", "delta": "0:00:00.045893", "end": "2019-06-19 03:51:42.262833", "msg": "non-zero return code", "rc": 1, "start": "2019-06-19 03:51:42.216940", "stderr": "", "stderr_lines": [], "stdout": "", "stdout_lines": []}
fatal: [y03acxproxy004.maint.ahe.boulder.ibm.com]: FAILED! => {"changed": true, "cmd": "cat /etc/passwd | grep -i \"automate\"", "delta": "0:00:00.046978", "end": "2019-06-19 03:51:44.259269", "msg": "non-zero return code", "rc": 1, "start": "2019-06-19 03:51:44.212291", "stderr": "", "stderr_lines": [], "stdout": "", "stdout_lines": []}

TASK [check_users : debug] ********************************************************************************************************
ok: [b01avi13765400.ahe.pok.ibm.com] => {
    "result": {
        "changed": true, 
        "cmd": "cat /etc/passwd | grep -i \"automate\"", 
        "delta": "0:00:00.106951", 
        "end": "2019-06-19 03:50:26.718988", 
        "failed": false, 
        "rc": 0, 
        "start": "2019-06-19 03:50:26.612037", 
        "stderr": "", 
        "stderr_lines": [], 
        "stdout": "automate:!:209:4294967294:781/S/025172//CAMACHO DUENAS.FABIOLA BEATRIZ/fabiolab@mx1.ibm.com:/home/automate:/bin/ksh", 
        "stdout_lines": [
            "automate:!:209:4294967294:781/S/025172//CAMACHO DUENAS.FABIOLA BEATRIZ/fabiolab@mx1.ibm.com:/home/automate:/bin/ksh"
        ]
    }
}
ok: [b01avi13765401.ahe.pok.ibm.com] => {
    "result": {
        "changed": true, 
        "cmd": "cat /etc/passwd | grep -i \"automate\"", 
        "delta": "0:00:00.104589", 
        "end": "2019-06-19 03:50:26.689900", 
        "failed": false, 
        "rc": 0, 
        "start": "2019-06-19 03:50:26.585311", 
        "stderr": "", 
        "stderr_lines": [], 
        "stdout": "automate:!:209:4294967294:781/S/025172//CAMACHO DUENAS.FABIOLA BEATRIZ/fabiolab@mx1.ibm.com:/home/automate:/bin/ksh", 
        "stdout_lines": [
            "automate:!:209:4294967294:781/S/025172//CAMACHO DUENAS.FABIOLA BEATRIZ/fabiolab@mx1.ibm.com:/home/automate:/bin/ksh"
        ]
    }
}
ok: [b01avi13765402.ahe.pok.ibm.com] => {
    "result": {
        "changed": true, 
        "cmd": "cat /etc/passwd | grep -i \"automate\"", 
        "delta": "0:00:00.119266", 
        "end": "2019-06-19 03:50:34.554138", 
        "failed": false, 
        "rc": 0, 
        "start": "2019-06-19 03:50:34.434872", 
        "stderr": "", 
        "stderr_lines": [], 
        "stdout": "automate:!:209:4294967294:781/S/025172//CAMACHO DUENAS.FABIOLA BEATRIZ/fabiolab@mx1.ibm.com:/home/automate:/bin/ksh", 
        "stdout_lines": [
            "automate:!:209:4294967294:781/S/025172//CAMACHO DUENAS.FABIOLA BEATRIZ/fabiolab@mx1.ibm.com:/home/automate:/bin/ksh"
        ]
    }
}
ok: [b01avi13765403.ahe.pok.ibm.com] => {
    "result": {
        "changed": true, 
        "cmd": "cat /etc/passwd | grep -i \"automate\"", 
        "delta": "0:00:00.102891", 
        "end": "2019-06-19 03:50:37.358440", 
        "failed": false, 
        "rc": 0, 
        "start": "2019-06-19 03:50:37.255549", 
        "stderr": "", 
        "stderr_lines": [], 
        "stdout": "automate:!:209:4294967294:781/S/025172//CAMACHO DUENAS.FABIOLA BEATRIZ/fabiolab@mx1.ibm.com:/home/automate:/bin/ksh", 
        "stdout_lines": [
            "automate:!:209:4294967294:781/S/025172//CAMACHO DUENAS.FABIOLA BEATRIZ/fabiolab@mx1.ibm.com:/home/automate:/bin/ksh"
        ]
    }
}
ok: [b01avi13765404.ahe.pok.ibm.com] => {
    "result": {
        "changed": true, 
        "cmd": "cat /etc/passwd | grep -i \"automate\"", 
        "delta": "0:00:00.100175", 
        "end": "2019-06-19 03:50:39.210507", 
        "failed": false, 
        "rc": 0, 
        "start": "2019-06-19 03:50:39.110332", 
        "stderr": "", 
        "stderr_lines": [], 
        "stdout": "automate:!:209:4294967294:781/S/025172//CAMACHO DUENAS.FABIOLA BEATRIZ/fabiolab@mx1.ibm.com:/home/automate:/bin/ksh", 
        "stdout_lines": [
            "automate:!:209:4294967294:781/S/025172//CAMACHO DUENAS.FABIOLA BEATRIZ/fabiolab@mx1.ibm.com:/home/automate:/bin/ksh"
        ]
    }
}
ok: [b01avi13765405.ahe.pok.ibm.com] => {
    "result": {
        "changed": true, 
        "cmd": "cat /etc/passwd | grep -i \"automate\"", 
        "delta": "0:00:00.127314", 
        "end": "2019-06-19 03:49:19.280335", 
        "failed": false, 
        "rc": 0, 
        "start": "2019-06-19 03:49:19.153021", 
        "stderr": "", 
        "stderr_lines": [], 
        "stdout": "automate:!:209:4294967294:781/S/025172//CAMACHO DUENAS.FABIOLA BEATRIZ/fabiolab@mx1.ibm.com:/home/automate:/bin/ksh", 
        "stdout_lines": [
            "automate:!:209:4294967294:781/S/025172//CAMACHO DUENAS.FABIOLA BEATRIZ/fabiolab@mx1.ibm.com:/home/automate:/bin/ksh"
        ]
    }
}
ok: [b01avi13765406.ahe.pok.ibm.com] => {
    "result": {
        "changed": true, 
        "cmd": "cat /etc/passwd | grep -i \"automate\"", 
        "delta": "0:00:00.102554", 
        "end": "2019-06-19 03:50:38.860548", 
        "failed": false, 
        "rc": 0, 
        "start": "2019-06-19 03:50:38.757994", 
        "stderr": "", 
        "stderr_lines": [], 
        "stdout": "automate:!:209:4294967294:781/S/025172//CAMACHO DUENAS.FABIOLA BEATRIZ/fabiolab@mx1.ibm.com:/home/automate:/bin/ksh", 
        "stdout_lines": [
            "automate:!:209:4294967294:781/S/025172//CAMACHO DUENAS.FABIOLA BEATRIZ/fabiolab@mx1.ibm.com:/home/automate:/bin/ksh"
        ]
    }
}
ok: [b01avi13765408.ahe.pok.ibm.com] => {
    "result": {
        "changed": true, 
        "cmd": "cat /etc/passwd | grep -i \"automate\"", 
        "delta": "0:00:00.102637", 
        "end": "2019-06-19 03:50:47.191227", 
        "failed": false, 
        "rc": 0, 
        "start": "2019-06-19 03:50:47.088590", 
        "stderr": "", 
        "stderr_lines": [], 
        "stdout": "automate:!:209:4294967294:781/S/025172//CAMACHO DUENAS.FABIOLA BEATRIZ/fabiolab@mx1.ibm.com:/home/automate:/bin/ksh", 
        "stdout_lines": [
            "automate:!:209:4294967294:781/S/025172//CAMACHO DUENAS.FABIOLA BEATRIZ/fabiolab@mx1.ibm.com:/home/automate:/bin/ksh"
        ]
    }
}
ok: [b01avi13765409.ahe.pok.ibm.com] => {
    "result": {
        "changed": true, 
        "cmd": "cat /etc/passwd | grep -i \"automate\"", 
        "delta": "0:00:00.109290", 
        "end": "2019-06-19 03:50:48.628118", 
        "failed": false, 
        "rc": 0, 
        "start": "2019-06-19 03:50:48.518828", 
        "stderr": "", 
        "stderr_lines": [], 
        "stdout": "automate:!:209:4294967294:781/S/025172//CAMACHO DUENAS.FABIOLA BEATRIZ/fabiolab@mx1.ibm.com:/home/automate:/bin/ksh", 
        "stdout_lines": [
            "automate:!:209:4294967294:781/S/025172//CAMACHO DUENAS.FABIOLA BEATRIZ/fabiolab@mx1.ibm.com:/home/automate:/bin/ksh"
        ]
    }
}
ok: [b01avi18652570.ahe.pok.ibm.com] => {
    "result": {
        "changed": true, 
        "cmd": "cat /etc/passwd | grep -i \"automate\"", 
        "delta": "0:00:00.106709", 
        "end": "2019-06-19 07:50:52.259795", 
        "failed": false, 
        "rc": 0, 
        "start": "2019-06-19 07:50:52.153086", 
        "stderr": "", 
        "stderr_lines": [], 
        "stdout": "automate:!:213:4294967294:672/S/049761//Liu.Chao Ping/cpliu@cn.ibm.com:/home/automate:/bin/ksh", 
        "stdout_lines": [
            "automate:!:213:4294967294:672/S/049761//Liu.Chao Ping/cpliu@cn.ibm.com:/home/automate:/bin/ksh"
        ]
    }
}
ok: [b01zvi13645003.ahe.pok.ibm.com] => {
    "result": {
        "changed": true, 
        "cmd": "cat /etc/passwd | grep -i \"automate\"", 
        "delta": "0:00:00.003076", 
        "end": "2019-06-19 03:51:24.141082", 
        "failed": false, 
        "rc": 0, 
        "start": "2019-06-19 03:51:24.138006", 
        "stderr": "", 
        "stderr_lines": [], 
        "stdout": "automate:x:11046:65533:672/I/02232A//Wang.Jun Ming/jmwangsu@cn.ibm.com:/home/automate:/bin/ksh", 
        "stdout_lines": [
            "automate:x:11046:65533:672/I/02232A//Wang.Jun Ming/jmwangsu@cn.ibm.com:/home/automate:/bin/ksh"
        ]
    }
}
ok: [b03zvi13868160.ahe.boulder.ibm.com] => {
    "result": {
        "changed": true, 
        "cmd": "cat /etc/passwd | grep -i \"automate\"", 
        "delta": "0:00:00.012780", 
        "end": "2019-06-19 03:51:26.680699", 
        "failed": false, 
        "rc": 0, 
        "start": "2019-06-19 03:51:26.667919", 
        "stderr": "", 
        "stderr_lines": [], 
        "stdout": "automate:x:11036:65533:672/I/02232A//Wang.Jun Ming/jmwangsu@cn.ibm.com:/home/automate:/bin/ksh", 
        "stdout_lines": [
            "automate:x:11036:65533:672/I/02232A//Wang.Jun Ming/jmwangsu@cn.ibm.com:/home/automate:/bin/ksh"
        ]
    }
}
ok: [b01ciproxy002.ahe.pok.ibm.com] => {
    "result": {
        "changed": true, 
        "cmd": "cat /etc/passwd | grep -i \"automate\"", 
        "delta": "0:00:00.192199", 
        "end": "2019-06-19 07:51:47.405846", 
        "failed": false, 
        "rc": 0, 
        "start": "2019-06-19 07:51:47.213647", 
        "stderr": "", 
        "stderr_lines": [], 
        "stdout": "automate:!:803:4294967294:613/S/079012//Saucedo Bianchi.Mauro Jorge/saubimj@ar.ibm.com:/home/automate:/bin/ksh", 
        "stdout_lines": [
            "automate:!:803:4294967294:613/S/079012//Saucedo Bianchi.Mauro Jorge/saubimj@ar.ibm.com:/home/automate:/bin/ksh"
        ]
    }
}
ok: [g03acdrdbha013.ahe.boulder.ibm.com] => {
    "result": {
        "changed": true, 
        "cmd": "cat /etc/passwd | grep -i \"automate\"", 
        "delta": "0:00:00.050620", 
        "end": "2019-06-19 03:52:08.792800", 
        "failed": false, 
        "rc": 0, 
        "start": "2019-06-19 03:52:08.742180", 
        "stderr": "", 
        "stderr_lines": [], 
        "stdout": "automate:!:331:248:!!897/F/*SLAAUT/IBM/Compliance As Code automation!!:/home/automate:/bin/ksh", 
        "stdout_lines": [
            "automate:!:331:248:!!897/F/*SLAAUT/IBM/Compliance As Code automation!!:/home/automate:/bin/ksh"
        ]
    }
}
	to retry, use: --limit @/home/ysurmd/ansible/squad/site.retry

PLAY RECAP ************************************************************************************************************************
b01aciapp070.ahe.pok.ibm.com : ok=0    changed=0    unreachable=0    failed=1   
b01aciapp072.ahe.pok.ibm.com : ok=0    changed=0    unreachable=0    failed=1   
b01acimq008.ahe.pok.ibm.com : ok=0    changed=0    unreachable=0    failed=1   
b01acimq009.ahe.pok.ibm.com : ok=0    changed=0    unreachable=0    failed=1   
b01acirdb084.ahe.pok.ibm.com : ok=0    changed=0    unreachable=0    failed=1   
b01acirdb085.ahe.pok.ibm.com : ok=0    changed=0    unreachable=0    failed=1   
b01avi13765400.ahe.pok.ibm.com : ok=2    changed=1    unreachable=0    failed=0   
b01avi13765401.ahe.pok.ibm.com : ok=2    changed=1    unreachable=0    failed=0   
b01avi13765402.ahe.pok.ibm.com : ok=2    changed=1    unreachable=0    failed=0   
b01avi13765403.ahe.pok.ibm.com : ok=2    changed=1    unreachable=0    failed=0   
b01avi13765404.ahe.pok.ibm.com : ok=2    changed=1    unreachable=0    failed=0   
b01avi13765405.ahe.pok.ibm.com : ok=2    changed=1    unreachable=0    failed=0   
b01avi13765406.ahe.pok.ibm.com : ok=2    changed=1    unreachable=0    failed=0   
b01avi13765408.ahe.pok.ibm.com : ok=2    changed=1    unreachable=0    failed=0   
b01avi13765409.ahe.pok.ibm.com : ok=2    changed=1    unreachable=0    failed=0   
b01avi18652570.ahe.pok.ibm.com : ok=2    changed=1    unreachable=0    failed=0   
b01avi18666370.ahe.pok.ibm.com : ok=0    changed=0    unreachable=0    failed=1   
b01ciproxy002.ahe.pok.ibm.com : ok=2    changed=1    unreachable=0    failed=0   
b01cxnp14055.gho.pok.ibm.com : ok=0    changed=0    unreachable=1    failed=0   
b01lciwodm001.ahe.pok.ibm.com : ok=0    changed=0    unreachable=0    failed=1   
b01zcimq004.pok.ibm.com    : ok=0    changed=0    unreachable=0    failed=1   
b01zcimq005.pok.ibm.com    : ok=0    changed=0    unreachable=0    failed=1   
b01zvi13645001.ahe.pok.ibm.com : ok=0    changed=0    unreachable=0    failed=1   
b01zvi13645003.ahe.pok.ibm.com : ok=2    changed=1    unreachable=0    failed=0   
b01zvi13645004.ahe.pok.ibm.com : ok=0    changed=0    unreachable=0    failed=1   
b01zvi14398350.ahe.pok.ibm.com : ok=0    changed=0    unreachable=0    failed=1   
b03aciproxy001.ahe.boulder.ibm.com : ok=0    changed=0    unreachable=0    failed=1   
b03aciproxy002.ahe.boulder.ibm.com : ok=0    changed=0    unreachable=0    failed=1   
b03aciproxy003.ahe.boulder.ibm.com : ok=0    changed=0    unreachable=0    failed=1   
b03aciproxy004.ahe.boulder.ibm.com : ok=0    changed=0    unreachable=0    failed=1   
b03cxnp07055.gho.boulder.ibm.com : ok=0    changed=0    unreachable=0    failed=1   
b03zcimq005.boulder.ibm.com : ok=0    changed=0    unreachable=0    failed=1   
b03zcimq006.boulder.ibm.com : ok=0    changed=0    unreachable=0    failed=1   
b03zvi13868160.ahe.boulder.ibm.com : ok=2    changed=1    unreachable=0    failed=0   
b03zvi14724770.ahe.boulder.ibm.com : ok=0    changed=0    unreachable=0    failed=1   
b03zvi14724771.ahe.boulder.ibm.com : ok=0    changed=0    unreachable=0    failed=1   
b03zvi14724772.ahe.boulder.ibm.com : ok=0    changed=0    unreachable=0    failed=1   
b03zvi14724773.ahe.boulder.ibm.com : ok=0    changed=0    unreachable=0    failed=1   
g01acdrdb011.ahe.pok.ibm.com : ok=0    changed=0    unreachable=0    failed=1   
g01aciwpr003.ahe.pok.ibm.com : ok=0    changed=0    unreachable=0    failed=1   
g01zcxrdb013.ahe.pok.ibm.com : ok=0    changed=0    unreachable=0    failed=1   
g01zcxwas035.ahe.pok.ibm.com : ok=0    changed=0    unreachable=0    failed=1   
g01zcxwas036.ahe.pok.ibm.com : ok=0    changed=0    unreachable=0    failed=1   
g03acddbp001.ahe.boulder.ibm.com : ok=0    changed=0    unreachable=0    failed=1   
g03acddbp002.ahe.boulder.ibm.com : ok=0    changed=0    unreachable=0    failed=1   
g03acdnfs001.ahe.boulder.ibm.com : ok=0    changed=0    unreachable=0    failed=1   
g03acdnfs002.ahe.boulder.ibm.com : ok=0    changed=0    unreachable=0    failed=1   
g03acdrdbha013.ahe.boulder.ibm.com : ok=2    changed=1    unreachable=0    failed=0   
g03acdrdbha014.ahe.boulder.ibm.com : ok=0    changed=0    unreachable=0    failed=1   
g03acdwas009.ahe.boulder.ibm.com : ok=0    changed=0    unreachable=0    failed=1   
g03acdwas010.ahe.boulder.ibm.com : ok=0    changed=0    unreachable=0    failed=1   
g03acdwas011.ahe.boulder.ibm.com : ok=0    changed=0    unreachable=0    failed=1   
g03acdwas012.ahe.boulder.ibm.com : ok=0    changed=0    unreachable=0    failed=1   
g03acdwas013.ahe.boulder.ibm.com : ok=0    changed=0    unreachable=0    failed=1   
g03acdwas014.ahe.boulder.ibm.com : ok=0    changed=0    unreachable=0    failed=1   
g03zcxrdb007.ahe.boulder.ibm.com : ok=0    changed=0    unreachable=0    failed=1   
g03zcxwas088.ahe.boulder.ibm.com : ok=0    changed=0    unreachable=0    failed=1   
g03zcxwas089.ahe.boulder.ibm.com : ok=0    changed=0    unreachable=0    failed=1   
y03acxproxy001.maint.ahe.boulder.ibm.com : ok=0    changed=0    unreachable=0    failed=1   
y03acxproxy002.maint.ahe.boulder.ibm.com : ok=0    changed=0    unreachable=0    failed=1   
y03acxproxy003.maint.ahe.boulder.ibm.com : ok=0    changed=0    unreachable=0    failed=1   
y03acxproxy004.maint.ahe.boulder.ibm.com : ok=0    changed=0    unreachable=0    failed=1   

