
PLAY [Check fs usage] *************************************************************************************************************

TASK [Gathering Facts] ************************************************************************************************************
ok: [g03acdnfs002.ahe.boulder.ibm.com]
ok: [g03acdnfs001.ahe.boulder.ibm.com]
ok: [g03acddbp002.ahe.boulder.ibm.com]
ok: [g03acddbp001.ahe.boulder.ibm.com]
ok: [g03acdrdbha013.ahe.boulder.ibm.com]
ok: [g03acdwas011.ahe.boulder.ibm.com]
ok: [g03acdwas010.ahe.boulder.ibm.com]
ok: [g03acdwas009.ahe.boulder.ibm.com]
ok: [g03acdrdbha014.ahe.boulder.ibm.com]
ok: [g03acdwas012.ahe.boulder.ibm.com]
ok: [g03acdwas014.ahe.boulder.ibm.com]
ok: [b03aciproxy002.ahe.boulder.ibm.com]
ok: [g03acdwas013.ahe.boulder.ibm.com]
ok: [b03aciproxy001.ahe.boulder.ibm.com]
ok: [b03aciproxy003.ahe.boulder.ibm.com]
ok: [y03acxproxy002.maint.ahe.boulder.ibm.com]
ok: [y03acxproxy001.maint.ahe.boulder.ibm.com]
ok: [b03aciproxy004.ahe.boulder.ibm.com]
ok: [y03acxproxy004.maint.ahe.boulder.ibm.com]
ok: [y03acxproxy003.maint.ahe.boulder.ibm.com]
ok: [b01avi13765400.ahe.pok.ibm.com]
ok: [b01avi13765401.ahe.pok.ibm.com]
ok: [b01avi13765402.ahe.pok.ibm.com]
ok: [b01avi13765403.ahe.pok.ibm.com]
fatal: [b01avi13765408.ahe.pok.ibm.com]: FAILED! => {"changed": false, "module_stderr": "Shared connection to b01avi13765408.ahe.pok.ibm.com closed.\r\n", "module_stdout": "Traceback (most recent call last):\r\n  File \"/home/ysurmd/.ansible/tmp/ansible-tmp-1561018156.37-168287050690724/AnsiballZ_setup.py\", line 113, in <module>\r\n    _ansiballz_main()\r\n  File \"/home/ysurmd/.ansible/tmp/ansible-tmp-1561018156.37-168287050690724/AnsiballZ_setup.py\", line 16, in _ansiballz_main\r\n    import base64\r\n  File \"/opt/freeware/lib/python2.7/base64.py\", line 11, in <module>\r\n    import binascii\r\nImportError: Permission denied\r\n", "msg": "MODULE FAILURE\nSee stdout/stderr for the exact error", "rc": 1}
ok: [b01avi13765404.ahe.pok.ibm.com]
ok: [b01avi13765406.ahe.pok.ibm.com]
ok: [b01avi13765409.ahe.pok.ibm.com]
ok: [b01avi13765405.ahe.pok.ibm.com]
ok: [b01avi18666370.ahe.pok.ibm.com]
ok: [b01avi18652570.ahe.pok.ibm.com]
ok: [b01lciwodm001.ahe.pok.ibm.com]
ok: [g01aciwpr003.ahe.pok.ibm.com]
ok: [g01acdrdb011.ahe.pok.ibm.com]
ok: [b01ciproxy002.ahe.pok.ibm.com]
fatal: [b01cxnp14055.gho.pok.ibm.com]: UNREACHABLE! => {"changed": false, "msg": "Failed to connect to the host via ssh: ssh: connect to host b01cxnp14055.gho.pok.ibm.com port 22: Connection timed out", "unreachable": true}
ok: [b01aciapp070.ahe.pok.ibm.com]
ok: [b01aciapp072.ahe.pok.ibm.com]
ok: [b01acimq008.ahe.pok.ibm.com]
ok: [b01acimq009.ahe.pok.ibm.com]
ok: [b03cxnp07055.gho.boulder.ibm.com]
ok: [b01zcimq004.pok.ibm.com]
ok: [b01zcimq005.pok.ibm.com]
ok: [b03zcimq005.boulder.ibm.com]
ok: [b03zcimq006.boulder.ibm.com]
ok: [g01zcxwas035.ahe.pok.ibm.com]
ok: [g01zcxrdb013.ahe.pok.ibm.com]
ok: [g01zcxwas036.ahe.pok.ibm.com]
ok: [g03zcxwas088.ahe.boulder.ibm.com]
ok: [g03zcxrdb007.ahe.boulder.ibm.com]
ok: [g03zcxwas089.ahe.boulder.ibm.com]
ok: [b01zvi14398350.ahe.pok.ibm.com]
ok: [b01zvi13645001.ahe.pok.ibm.com]
ok: [b01zvi13645003.ahe.pok.ibm.com]
ok: [b01zvi13645004.ahe.pok.ibm.com]
ok: [b03zvi13868160.ahe.boulder.ibm.com]
ok: [b03zvi14724770.ahe.boulder.ibm.com]
ok: [b03zvi14724771.ahe.boulder.ibm.com]
ok: [b03zvi14724773.ahe.boulder.ibm.com]
ok: [b03zvi14724772.ahe.boulder.ibm.com]
ok: [b01acirdb084.ahe.pok.ibm.com]
ok: [b01acirdb085.ahe.pok.ibm.com]

TASK [check_fs : Check Linux /opt/IBM/cobalt usage] *******************************************************************************
skipping: [g03acddbp001.ahe.boulder.ibm.com]
skipping: [g03acddbp002.ahe.boulder.ibm.com]
skipping: [g03acdnfs001.ahe.boulder.ibm.com]
skipping: [g03acdnfs002.ahe.boulder.ibm.com]
skipping: [g03acdrdbha013.ahe.boulder.ibm.com]
skipping: [g03acdrdbha014.ahe.boulder.ibm.com]
skipping: [g03acdwas009.ahe.boulder.ibm.com]
skipping: [g03acdwas010.ahe.boulder.ibm.com]
skipping: [g03acdwas011.ahe.boulder.ibm.com]
skipping: [g03acdwas012.ahe.boulder.ibm.com]
skipping: [g03acdwas013.ahe.boulder.ibm.com]
skipping: [g03acdwas014.ahe.boulder.ibm.com]
skipping: [b03aciproxy001.ahe.boulder.ibm.com]
skipping: [b03aciproxy002.ahe.boulder.ibm.com]
skipping: [b03aciproxy003.ahe.boulder.ibm.com]
skipping: [b03aciproxy004.ahe.boulder.ibm.com]
skipping: [y03acxproxy001.maint.ahe.boulder.ibm.com]
skipping: [y03acxproxy002.maint.ahe.boulder.ibm.com]
skipping: [y03acxproxy003.maint.ahe.boulder.ibm.com]
skipping: [y03acxproxy004.maint.ahe.boulder.ibm.com]
skipping: [b01avi13765400.ahe.pok.ibm.com]
skipping: [b01avi13765401.ahe.pok.ibm.com]
skipping: [b01avi13765402.ahe.pok.ibm.com]
skipping: [b01avi13765403.ahe.pok.ibm.com]
skipping: [b01avi13765404.ahe.pok.ibm.com]
skipping: [b01avi13765405.ahe.pok.ibm.com]
skipping: [b01avi13765406.ahe.pok.ibm.com]
skipping: [b01avi13765409.ahe.pok.ibm.com]
skipping: [b01avi18666370.ahe.pok.ibm.com]
skipping: [b01avi18652570.ahe.pok.ibm.com]
skipping: [g01acdrdb011.ahe.pok.ibm.com]
skipping: [g01aciwpr003.ahe.pok.ibm.com]
skipping: [b01ciproxy002.ahe.pok.ibm.com]
skipping: [b01lciwodm001.ahe.pok.ibm.com]
skipping: [b01aciapp070.ahe.pok.ibm.com]
skipping: [b01aciapp072.ahe.pok.ibm.com]
skipping: [b01acirdb084.ahe.pok.ibm.com]
skipping: [b01acirdb085.ahe.pok.ibm.com]
skipping: [b01acimq008.ahe.pok.ibm.com]
skipping: [b01acimq009.ahe.pok.ibm.com]
skipping: [b03cxnp07055.gho.boulder.ibm.com]
skipping: [b01zcimq004.pok.ibm.com]
skipping: [b01zcimq005.pok.ibm.com]
skipping: [b03zcimq005.boulder.ibm.com]
skipping: [b03zcimq006.boulder.ibm.com]
skipping: [g01zcxrdb013.ahe.pok.ibm.com]
skipping: [g01zcxwas035.ahe.pok.ibm.com]
skipping: [g01zcxwas036.ahe.pok.ibm.com]
skipping: [g03zcxrdb007.ahe.boulder.ibm.com]
skipping: [g03zcxwas088.ahe.boulder.ibm.com]
skipping: [g03zcxwas089.ahe.boulder.ibm.com]
skipping: [b01zvi13645001.ahe.pok.ibm.com]
skipping: [b01zvi14398350.ahe.pok.ibm.com]
skipping: [b01zvi13645003.ahe.pok.ibm.com]
skipping: [b01zvi13645004.ahe.pok.ibm.com]
skipping: [b03zvi13868160.ahe.boulder.ibm.com]
skipping: [b03zvi14724770.ahe.boulder.ibm.com]
skipping: [b03zvi14724771.ahe.boulder.ibm.com]
skipping: [b03zvi14724772.ahe.boulder.ibm.com]
skipping: [b03zvi14724773.ahe.boulder.ibm.com]

TASK [check_fs : Check AIX /opt/IBM/cobalt usage] *********************************************************************************
changed: [g03acdnfs001.ahe.boulder.ibm.com]
changed: [g03acddbp001.ahe.boulder.ibm.com]
fatal: [g03acdnfs002.ahe.boulder.ibm.com]: FAILED! => {"changed": true, "cmd": ["df", "-g", "/opt/IBM/cobalt"], "delta": "0:00:00.141972", "end": "2019-06-20 04:20:06.981224", "msg": "non-zero return code", "rc": 1, "start": "2019-06-20 04:20:06.839252", "stderr": "df: 0506-003 Cannot find or open file system /opt/IBM/cobalt.", "stderr_lines": ["df: 0506-003 Cannot find or open file system /opt/IBM/cobalt."], "stdout": "", "stdout_lines": []}
fatal: [g03acddbp002.ahe.boulder.ibm.com]: FAILED! => {"changed": true, "cmd": ["df", "-g", "/opt/IBM/cobalt"], "delta": "0:00:00.142350", "end": "2019-06-20 04:20:08.131943", "msg": "non-zero return code", "rc": 1, "start": "2019-06-20 04:20:07.989593", "stderr": "df: 0506-003 Cannot find or open file system /opt/IBM/cobalt.", "stderr_lines": ["df: 0506-003 Cannot find or open file system /opt/IBM/cobalt."], "stdout": "", "stdout_lines": []}
changed: [g03acdrdbha013.ahe.boulder.ibm.com]
changed: [g03acdrdbha014.ahe.boulder.ibm.com]
changed: [g03acdwas009.ahe.boulder.ibm.com]
changed: [g03acdwas010.ahe.boulder.ibm.com]
changed: [g03acdwas011.ahe.boulder.ibm.com]
changed: [g03acdwas012.ahe.boulder.ibm.com]
changed: [g03acdwas013.ahe.boulder.ibm.com]
fatal: [g03acdwas014.ahe.boulder.ibm.com]: FAILED! => {"changed": true, "cmd": ["df", "-g", "/opt/IBM/cobalt"], "delta": "0:00:00.050046", "end": "2019-06-20 04:20:34.053018", "msg": "non-zero return code", "rc": 1, "start": "2019-06-20 04:20:34.002972", "stderr": "df: 0506-003 Cannot find or open file system /opt/IBM/cobalt.", "stderr_lines": ["df: 0506-003 Cannot find or open file system /opt/IBM/cobalt."], "stdout": "", "stdout_lines": []}
changed: [b03aciproxy001.ahe.boulder.ibm.com]
fatal: [b03aciproxy003.ahe.boulder.ibm.com]: FAILED! => {"changed": true, "cmd": ["df", "-g", "/opt/IBM/cobalt"], "delta": "0:00:00.049975", "end": "2019-06-20 03:20:39.744234", "msg": "non-zero return code", "rc": 1, "start": "2019-06-20 03:20:39.694259", "stderr": "df: 0506-003 Cannot find or open file system /opt/IBM/cobalt.", "stderr_lines": ["df: 0506-003 Cannot find or open file system /opt/IBM/cobalt."], "stdout": "", "stdout_lines": []}
fatal: [b03aciproxy002.ahe.boulder.ibm.com]: FAILED! => {"changed": true, "cmd": ["df", "-g", "/opt/IBM/cobalt"], "delta": "0:00:00.050668", "end": "2019-06-20 03:20:41.409543", "msg": "non-zero return code", "rc": 1, "start": "2019-06-20 03:20:41.358875", "stderr": "df: 0506-003 Cannot find or open file system /opt/IBM/cobalt.", "stderr_lines": ["df: 0506-003 Cannot find or open file system /opt/IBM/cobalt."], "stdout": "", "stdout_lines": []}
fatal: [b03aciproxy004.ahe.boulder.ibm.com]: FAILED! => {"changed": true, "cmd": ["df", "-g", "/opt/IBM/cobalt"], "delta": "0:00:00.049729", "end": "2019-06-20 03:20:44.978077", "msg": "non-zero return code", "rc": 1, "start": "2019-06-20 03:20:44.928348", "stderr": "df: 0506-003 Cannot find or open file system /opt/IBM/cobalt.", "stderr_lines": ["df: 0506-003 Cannot find or open file system /opt/IBM/cobalt."], "stdout": "", "stdout_lines": []}
fatal: [y03acxproxy002.maint.ahe.boulder.ibm.com]: FAILED! => {"changed": true, "cmd": ["df", "-g", "/opt/IBM/cobalt"], "delta": "0:00:00.042535", "end": "2019-06-20 04:20:42.267051", "msg": "non-zero return code", "rc": 1, "start": "2019-06-20 04:20:42.224516", "stderr": "Cannot find file system or does not match filter: /opt/IBM/cobalt", "stderr_lines": ["Cannot find file system or does not match filter: /opt/IBM/cobalt"], "stdout": "", "stdout_lines": []}
fatal: [y03acxproxy001.maint.ahe.boulder.ibm.com]: FAILED! => {"changed": true, "cmd": ["df", "-g", "/opt/IBM/cobalt"], "delta": "0:00:00.043909", "end": "2019-06-20 04:20:43.039667", "msg": "non-zero return code", "rc": 1, "start": "2019-06-20 04:20:42.995758", "stderr": "Cannot find file system or does not match filter: /opt/IBM/cobalt", "stderr_lines": ["Cannot find file system or does not match filter: /opt/IBM/cobalt"], "stdout": "", "stdout_lines": []}
fatal: [y03acxproxy003.maint.ahe.boulder.ibm.com]: FAILED! => {"changed": true, "cmd": ["df", "-g", "/opt/IBM/cobalt"], "delta": "0:00:00.043412", "end": "2019-06-20 04:19:55.823046", "msg": "non-zero return code", "rc": 1, "start": "2019-06-20 04:19:55.779634", "stderr": "Cannot find file system or does not match filter: /opt/IBM/cobalt", "stderr_lines": ["Cannot find file system or does not match filter: /opt/IBM/cobalt"], "stdout": "", "stdout_lines": []}
fatal: [y03acxproxy004.maint.ahe.boulder.ibm.com]: FAILED! => {"changed": true, "cmd": ["df", "-g", "/opt/IBM/cobalt"], "delta": "0:00:00.042813", "end": "2019-06-20 04:19:56.237947", "msg": "non-zero return code", "rc": 1, "start": "2019-06-20 04:19:56.195134", "stderr": "Cannot find file system or does not match filter: /opt/IBM/cobalt", "stderr_lines": ["Cannot find file system or does not match filter: /opt/IBM/cobalt"], "stdout": "", "stdout_lines": []}
changed: [b01avi13765400.ahe.pok.ibm.com]
changed: [b01avi13765401.ahe.pok.ibm.com]
changed: [b01avi13765402.ahe.pok.ibm.com]
changed: [b01avi13765403.ahe.pok.ibm.com]
changed: [b01avi13765404.ahe.pok.ibm.com]
fatal: [b01avi13765405.ahe.pok.ibm.com]: FAILED! => {"changed": true, "cmd": ["df", "-g", "/opt/IBM/cobalt"], "delta": "0:00:00.105773", "end": "2019-06-20 04:19:51.533600", "msg": "non-zero return code", "rc": 1, "start": "2019-06-20 04:19:51.427827", "stderr": "df: 0506-003 Cannot find file system or does not match filter: /opt/IBM/cobalt", "stderr_lines": ["df: 0506-003 Cannot find file system or does not match filter: /opt/IBM/cobalt"], "stdout": "", "stdout_lines": []}
changed: [b01avi13765406.ahe.pok.ibm.com]
changed: [b01avi13765409.ahe.pok.ibm.com]
changed: [b01avi18666370.ahe.pok.ibm.com]
changed: [b01avi18652570.ahe.pok.ibm.com]
skipping: [b01lciwodm001.ahe.pok.ibm.com]
changed: [g01acdrdb011.ahe.pok.ibm.com]
changed: [g01aciwpr003.ahe.pok.ibm.com]
changed: [b01ciproxy002.ahe.pok.ibm.com]
changed: [b01aciapp070.ahe.pok.ibm.com]
changed: [b01aciapp072.ahe.pok.ibm.com]
changed: [b01acirdb084.ahe.pok.ibm.com]
skipping: [b01zcimq004.pok.ibm.com]
skipping: [b01zcimq005.pok.ibm.com]
skipping: [b03zcimq005.boulder.ibm.com]
fatal: [b01acirdb085.ahe.pok.ibm.com]: FAILED! => {"changed": true, "cmd": ["df", "-g", "/opt/IBM/cobalt"], "delta": "0:00:00.135887", "end": "2019-06-20 04:22:03.345529", "msg": "non-zero return code", "rc": 1, "start": "2019-06-20 04:22:03.209642", "stderr": "df: 0506-003 Cannot find or open file system /opt/IBM/cobalt.", "stderr_lines": ["df: 0506-003 Cannot find or open file system /opt/IBM/cobalt."], "stdout": "", "stdout_lines": []}
skipping: [b03zcimq006.boulder.ibm.com]
changed: [b01acimq008.ahe.pok.ibm.com]
fatal: [b01acimq009.ahe.pok.ibm.com]: FAILED! => {"changed": true, "cmd": ["df", "-g", "/opt/IBM/cobalt"], "delta": "0:00:00.040748", "end": "2019-06-20 04:22:07.244597", "msg": "non-zero return code", "rc": 1, "start": "2019-06-20 04:22:07.203849", "stderr": "df: 0506-003 Cannot find or open file system /opt/IBM/cobalt.", "stderr_lines": ["df: 0506-003 Cannot find or open file system /opt/IBM/cobalt."], "stdout": "", "stdout_lines": []}
fatal: [b03cxnp07055.gho.boulder.ibm.com]: FAILED! => {"changed": true, "cmd": ["df", "-g", "/opt/IBM/cobalt"], "delta": "0:00:00.062894", "end": "2019-06-20 04:22:07.797700", "msg": "non-zero return code", "rc": 1, "start": "2019-06-20 04:22:07.734806", "stderr": "Cannot find file system or does not match filter: /opt/IBM/cobalt", "stderr_lines": ["Cannot find file system or does not match filter: /opt/IBM/cobalt"], "stdout": "", "stdout_lines": []}
skipping: [g01zcxrdb013.ahe.pok.ibm.com]
skipping: [g01zcxwas035.ahe.pok.ibm.com]
skipping: [g01zcxwas036.ahe.pok.ibm.com]
skipping: [g03zcxrdb007.ahe.boulder.ibm.com]
skipping: [g03zcxwas088.ahe.boulder.ibm.com]
skipping: [g03zcxwas089.ahe.boulder.ibm.com]
skipping: [b01zvi13645001.ahe.pok.ibm.com]
skipping: [b01zvi14398350.ahe.pok.ibm.com]
skipping: [b01zvi13645003.ahe.pok.ibm.com]
skipping: [b01zvi13645004.ahe.pok.ibm.com]
skipping: [b03zvi13868160.ahe.boulder.ibm.com]
skipping: [b03zvi14724770.ahe.boulder.ibm.com]
skipping: [b03zvi14724771.ahe.boulder.ibm.com]
skipping: [b03zvi14724772.ahe.boulder.ibm.com]
skipping: [b03zvi14724773.ahe.boulder.ibm.com]

TASK [check_fs : Debug] ***********************************************************************************************************
ok: [g03acddbp001.ahe.boulder.ibm.com] => {
    "msg": [
        "Filesystem    GB blocks      Free %Used    Iused %Iused Mounted on", 
        "/dev/hd10opt       2.00      1.00   50%    40057    14% /opt"
    ]
}
ok: [g03acdnfs001.ahe.boulder.ibm.com] => {
    "msg": [
        "Filesystem    GB blocks      Free %Used    Iused %Iused Mounted on", 
        "/dev/hd10opt       2.00      1.00   50%    40075    14% /opt"
    ]
}
ok: [g03acdrdbha013.ahe.boulder.ibm.com] => {
    "msg": [
        "Filesystem    GB blocks      Free %Used    Iused %Iused Mounted on", 
        "/dev/hd10opt       2.00      1.14   43%    33335    11% /opt"
    ]
}
ok: [g03acdrdbha014.ahe.boulder.ibm.com] => {
    "msg": [
        "Filesystem    GB blocks      Free %Used    Iused %Iused Mounted on", 
        "/dev/hd10opt       2.00      1.08   47%    41755    14% /opt"
    ]
}
ok: [g03acdwas009.ahe.boulder.ibm.com] => {
    "msg": [
        "Filesystem    GB blocks      Free %Used    Iused %Iused Mounted on", 
        "/dev/hd10opt       2.50      0.75   70%    43095    12% /opt"
    ]
}
ok: [g03acdwas010.ahe.boulder.ibm.com] => {
    "msg": [
        "Filesystem    GB blocks      Free %Used    Iused %Iused Mounted on", 
        "/dev/hd10opt       2.00      0.89   56%    42382    16% /opt"
    ]
}
ok: [g03acdwas011.ahe.boulder.ibm.com] => {
    "msg": [
        "Filesystem    GB blocks      Free %Used    Iused %Iused Mounted on", 
        "/dev/hd10opt       2.00      0.89   56%    42384    17% /opt"
    ]
}
ok: [g03acdwas012.ahe.boulder.ibm.com] => {
    "msg": [
        "Filesystem    GB blocks      Free %Used    Iused %Iused Mounted on", 
        "/dev/hd10opt       2.00      0.89   56%    42380    16% /opt"
    ]
}
ok: [g03acdwas013.ahe.boulder.ibm.com] => {
    "msg": [
        "Filesystem    GB blocks      Free %Used    Iused %Iused Mounted on", 
        "/dev/hd10opt       2.50      0.96   62%    44204    16% /opt"
    ]
}
ok: [b03aciproxy001.ahe.boulder.ibm.com] => {
    "msg": [
        "Filesystem    GB blocks      Free %Used    Iused %Iused Mounted on", 
        "/dev/hd10opt       5.00      0.45   91%    41609    25% /opt"
    ]
}
ok: [b01avi13765400.ahe.pok.ibm.com] => {
    "msg": [
        "Filesystem    GB blocks      Free %Used    Iused %Iused Mounted on", 
        "/dev/hd10opt      16.88      1.55   91%    80226    16% /opt"
    ]
}
ok: [b01avi13765401.ahe.pok.ibm.com] => {
    "msg": [
        "Filesystem    GB blocks      Free %Used    Iused %Iused Mounted on", 
        "/dev/hd10opt      65.00     63.60    3%    39364     1% /opt"
    ]
}
ok: [b01avi13765402.ahe.pok.ibm.com] => {
    "msg": [
        "Filesystem    GB blocks      Free %Used    Iused %Iused Mounted on", 
        "/dev/datastage    301.00    276.65    9%   211439     1% /opt/IBM"
    ]
}
ok: [b01avi13765403.ahe.pok.ibm.com] => {
    "msg": [
        "Filesystem    GB blocks      Free %Used    Iused %Iused Mounted on", 
        "/dev/hd10opt      11.25      5.00   56%    54969     5% /opt"
    ]
}
ok: [b01avi13765404.ahe.pok.ibm.com] => {
    "msg": [
        "Filesystem    GB blocks      Free %Used    Iused %Iused Mounted on", 
        "/dev/datastage    301.00    172.36   43%   220212     1% /opt/IBM"
    ]
}
ok: [b01avi13765406.ahe.pok.ibm.com] => {
    "msg": [
        "Filesystem    GB blocks      Free %Used    Iused %Iused Mounted on", 
        "/dev/hd10opt       8.12      3.18   61%    47404     6% /opt"
    ]
}
ok: [b01avi13765409.ahe.pok.ibm.com] => {
    "msg": [
        "Filesystem    GB blocks      Free %Used    Iused %Iused Mounted on", 
        "/dev/hd10opt      69.12     61.72   11%    44306     1% /opt"
    ]
}
ok: [b01avi18666370.ahe.pok.ibm.com] => {
    "msg": [
        "Filesystem    GB blocks      Free %Used    Iused %Iused Mounted on", 
        "/dev/datastage    200.00    158.82   21%   177434     1% /opt/IBM"
    ]
}
ok: [b01avi18652570.ahe.pok.ibm.com] => {
    "msg": [
        "Filesystem    GB blocks      Free %Used    Iused %Iused Mounted on", 
        "/dev/hd10opt       6.00      5.18   14%    32369     3% /opt"
    ]
}
ok: [g01acdrdb011.ahe.pok.ibm.com] => {
    "msg": [
        "Filesystem    GB blocks      Free %Used    Iused %Iused Mounted on", 
        "/dev/hd10opt       8.62      2.09   76%    67006    12% /opt"
    ]
}
ok: [g01aciwpr003.ahe.pok.ibm.com] => {
    "msg": [
        "Filesystem    GB blocks      Free %Used    Iused %Iused Mounted on", 
        "/dev/hd10opt      10.75      2.58   76%    51485     8% /opt"
    ]
}
ok: [b01ciproxy002.ahe.pok.ibm.com] => {
    "msg": [
        "Filesystem    GB blocks      Free %Used    Iused %Iused Mounted on", 
        "/dev/hd10opt       3.00      1.28   58%    43196    12% /opt"
    ]
}
fatal: [b01lciwodm001.ahe.pok.ibm.com]: FAILED! => {"msg": "The task includes an option with an undefined variable. The error was: 'dict object' has no attribute 'stdout_lines'\n\nThe error appears to have been in '/home/ysurmd/ansible/squad/devops/roles/check_fs/tasks/main.yml': line 14, column 3, but may\nbe elsewhere in the file depending on the exact syntax problem.\n\nThe offending line appears to be:\n\n\n- name: Debug\n  ^ here\n"}
ok: [b01aciapp070.ahe.pok.ibm.com] => {
    "msg": [
        "Filesystem    GB blocks      Free %Used    Iused %Iused Mounted on", 
        "/dev/hd10opt       1.75      0.44   75%    53518    33% /opt"
    ]
}
ok: [b01aciapp072.ahe.pok.ibm.com] => {
    "msg": [
        "Filesystem    GB blocks      Free %Used    Iused %Iused Mounted on", 
        "/dev/hd10opt       3.00      1.71   43%    37534     9% /opt"
    ]
}
ok: [b01acirdb084.ahe.pok.ibm.com] => {
    "msg": [
        "Filesystem    GB blocks      Free %Used    Iused %Iused Mounted on", 
        "/dev/hd10opt       5.00      4.07   19%    36830     4% /opt"
    ]
}
fatal: [b01zcimq004.pok.ibm.com]: FAILED! => {"msg": "The task includes an option with an undefined variable. The error was: 'dict object' has no attribute 'stdout_lines'\n\nThe error appears to have been in '/home/ysurmd/ansible/squad/devops/roles/check_fs/tasks/main.yml': line 14, column 3, but may\nbe elsewhere in the file depending on the exact syntax problem.\n\nThe offending line appears to be:\n\n\n- name: Debug\n  ^ here\n"}
ok: [b01acimq008.ahe.pok.ibm.com] => {
    "msg": [
        "Filesystem    GB blocks      Free %Used    Iused %Iused Mounted on", 
        "/dev/hd10opt       6.00      1.18   81%    89626    22% /opt"
    ]
}
fatal: [b01zcimq005.pok.ibm.com]: FAILED! => {"msg": "The task includes an option with an undefined variable. The error was: 'dict object' has no attribute 'stdout_lines'\n\nThe error appears to have been in '/home/ysurmd/ansible/squad/devops/roles/check_fs/tasks/main.yml': line 14, column 3, but may\nbe elsewhere in the file depending on the exact syntax problem.\n\nThe offending line appears to be:\n\n\n- name: Debug\n  ^ here\n"}
fatal: [b03zcimq005.boulder.ibm.com]: FAILED! => {"msg": "The task includes an option with an undefined variable. The error was: 'dict object' has no attribute 'stdout_lines'\n\nThe error appears to have been in '/home/ysurmd/ansible/squad/devops/roles/check_fs/tasks/main.yml': line 14, column 3, but may\nbe elsewhere in the file depending on the exact syntax problem.\n\nThe offending line appears to be:\n\n\n- name: Debug\n  ^ here\n"}
fatal: [b03zcimq006.boulder.ibm.com]: FAILED! => {"msg": "The task includes an option with an undefined variable. The error was: 'dict object' has no attribute 'stdout_lines'\n\nThe error appears to have been in '/home/ysurmd/ansible/squad/devops/roles/check_fs/tasks/main.yml': line 14, column 3, but may\nbe elsewhere in the file depending on the exact syntax problem.\n\nThe offending line appears to be:\n\n\n- name: Debug\n  ^ here\n"}
fatal: [g01zcxrdb013.ahe.pok.ibm.com]: FAILED! => {"msg": "The task includes an option with an undefined variable. The error was: 'dict object' has no attribute 'stdout_lines'\n\nThe error appears to have been in '/home/ysurmd/ansible/squad/devops/roles/check_fs/tasks/main.yml': line 14, column 3, but may\nbe elsewhere in the file depending on the exact syntax problem.\n\nThe offending line appears to be:\n\n\n- name: Debug\n  ^ here\n"}
fatal: [g01zcxwas035.ahe.pok.ibm.com]: FAILED! => {"msg": "The task includes an option with an undefined variable. The error was: 'dict object' has no attribute 'stdout_lines'\n\nThe error appears to have been in '/home/ysurmd/ansible/squad/devops/roles/check_fs/tasks/main.yml': line 14, column 3, but may\nbe elsewhere in the file depending on the exact syntax problem.\n\nThe offending line appears to be:\n\n\n- name: Debug\n  ^ here\n"}
fatal: [g01zcxwas036.ahe.pok.ibm.com]: FAILED! => {"msg": "The task includes an option with an undefined variable. The error was: 'dict object' has no attribute 'stdout_lines'\n\nThe error appears to have been in '/home/ysurmd/ansible/squad/devops/roles/check_fs/tasks/main.yml': line 14, column 3, but may\nbe elsewhere in the file depending on the exact syntax problem.\n\nThe offending line appears to be:\n\n\n- name: Debug\n  ^ here\n"}
fatal: [g03zcxrdb007.ahe.boulder.ibm.com]: FAILED! => {"msg": "The task includes an option with an undefined variable. The error was: 'dict object' has no attribute 'stdout_lines'\n\nThe error appears to have been in '/home/ysurmd/ansible/squad/devops/roles/check_fs/tasks/main.yml': line 14, column 3, but may\nbe elsewhere in the file depending on the exact syntax problem.\n\nThe offending line appears to be:\n\n\n- name: Debug\n  ^ here\n"}
fatal: [g03zcxwas088.ahe.boulder.ibm.com]: FAILED! => {"msg": "The task includes an option with an undefined variable. The error was: 'dict object' has no attribute 'stdout_lines'\n\nThe error appears to have been in '/home/ysurmd/ansible/squad/devops/roles/check_fs/tasks/main.yml': line 14, column 3, but may\nbe elsewhere in the file depending on the exact syntax problem.\n\nThe offending line appears to be:\n\n\n- name: Debug\n  ^ here\n"}
fatal: [g03zcxwas089.ahe.boulder.ibm.com]: FAILED! => {"msg": "The task includes an option with an undefined variable. The error was: 'dict object' has no attribute 'stdout_lines'\n\nThe error appears to have been in '/home/ysurmd/ansible/squad/devops/roles/check_fs/tasks/main.yml': line 14, column 3, but may\nbe elsewhere in the file depending on the exact syntax problem.\n\nThe offending line appears to be:\n\n\n- name: Debug\n  ^ here\n"}
fatal: [b01zvi13645001.ahe.pok.ibm.com]: FAILED! => {"msg": "The task includes an option with an undefined variable. The error was: 'dict object' has no attribute 'stdout_lines'\n\nThe error appears to have been in '/home/ysurmd/ansible/squad/devops/roles/check_fs/tasks/main.yml': line 14, column 3, but may\nbe elsewhere in the file depending on the exact syntax problem.\n\nThe offending line appears to be:\n\n\n- name: Debug\n  ^ here\n"}
fatal: [b01zvi14398350.ahe.pok.ibm.com]: FAILED! => {"msg": "The task includes an option with an undefined variable. The error was: 'dict object' has no attribute 'stdout_lines'\n\nThe error appears to have been in '/home/ysurmd/ansible/squad/devops/roles/check_fs/tasks/main.yml': line 14, column 3, but may\nbe elsewhere in the file depending on the exact syntax problem.\n\nThe offending line appears to be:\n\n\n- name: Debug\n  ^ here\n"}
fatal: [b01zvi13645003.ahe.pok.ibm.com]: FAILED! => {"msg": "The task includes an option with an undefined variable. The error was: 'dict object' has no attribute 'stdout_lines'\n\nThe error appears to have been in '/home/ysurmd/ansible/squad/devops/roles/check_fs/tasks/main.yml': line 14, column 3, but may\nbe elsewhere in the file depending on the exact syntax problem.\n\nThe offending line appears to be:\n\n\n- name: Debug\n  ^ here\n"}
fatal: [b01zvi13645004.ahe.pok.ibm.com]: FAILED! => {"msg": "The task includes an option with an undefined variable. The error was: 'dict object' has no attribute 'stdout_lines'\n\nThe error appears to have been in '/home/ysurmd/ansible/squad/devops/roles/check_fs/tasks/main.yml': line 14, column 3, but may\nbe elsewhere in the file depending on the exact syntax problem.\n\nThe offending line appears to be:\n\n\n- name: Debug\n  ^ here\n"}
fatal: [b03zvi13868160.ahe.boulder.ibm.com]: FAILED! => {"msg": "The task includes an option with an undefined variable. The error was: 'dict object' has no attribute 'stdout_lines'\n\nThe error appears to have been in '/home/ysurmd/ansible/squad/devops/roles/check_fs/tasks/main.yml': line 14, column 3, but may\nbe elsewhere in the file depending on the exact syntax problem.\n\nThe offending line appears to be:\n\n\n- name: Debug\n  ^ here\n"}
fatal: [b03zvi14724770.ahe.boulder.ibm.com]: FAILED! => {"msg": "The task includes an option with an undefined variable. The error was: 'dict object' has no attribute 'stdout_lines'\n\nThe error appears to have been in '/home/ysurmd/ansible/squad/devops/roles/check_fs/tasks/main.yml': line 14, column 3, but may\nbe elsewhere in the file depending on the exact syntax problem.\n\nThe offending line appears to be:\n\n\n- name: Debug\n  ^ here\n"}
fatal: [b03zvi14724771.ahe.boulder.ibm.com]: FAILED! => {"msg": "The task includes an option with an undefined variable. The error was: 'dict object' has no attribute 'stdout_lines'\n\nThe error appears to have been in '/home/ysurmd/ansible/squad/devops/roles/check_fs/tasks/main.yml': line 14, column 3, but may\nbe elsewhere in the file depending on the exact syntax problem.\n\nThe offending line appears to be:\n\n\n- name: Debug\n  ^ here\n"}
fatal: [b03zvi14724772.ahe.boulder.ibm.com]: FAILED! => {"msg": "The task includes an option with an undefined variable. The error was: 'dict object' has no attribute 'stdout_lines'\n\nThe error appears to have been in '/home/ysurmd/ansible/squad/devops/roles/check_fs/tasks/main.yml': line 14, column 3, but may\nbe elsewhere in the file depending on the exact syntax problem.\n\nThe offending line appears to be:\n\n\n- name: Debug\n  ^ here\n"}
fatal: [b03zvi14724773.ahe.boulder.ibm.com]: FAILED! => {"msg": "The task includes an option with an undefined variable. The error was: 'dict object' has no attribute 'stdout_lines'\n\nThe error appears to have been in '/home/ysurmd/ansible/squad/devops/roles/check_fs/tasks/main.yml': line 14, column 3, but may\nbe elsewhere in the file depending on the exact syntax problem.\n\nThe offending line appears to be:\n\n\n- name: Debug\n  ^ here\n"}
	to retry, use: --limit @/home/ysurmd/ansible/squad/devops/check_fs.retry

PLAY RECAP ************************************************************************************************************************
b01aciapp070.ahe.pok.ibm.com : ok=3    changed=1    unreachable=0    failed=0   
b01aciapp072.ahe.pok.ibm.com : ok=3    changed=1    unreachable=0    failed=0   
b01acimq008.ahe.pok.ibm.com : ok=3    changed=1    unreachable=0    failed=0   
b01acimq009.ahe.pok.ibm.com : ok=1    changed=0    unreachable=0    failed=1   
b01acirdb084.ahe.pok.ibm.com : ok=3    changed=1    unreachable=0    failed=0   
b01acirdb085.ahe.pok.ibm.com : ok=1    changed=0    unreachable=0    failed=1   
b01avi13765400.ahe.pok.ibm.com : ok=3    changed=1    unreachable=0    failed=0   
b01avi13765401.ahe.pok.ibm.com : ok=3    changed=1    unreachable=0    failed=0   
b01avi13765402.ahe.pok.ibm.com : ok=3    changed=1    unreachable=0    failed=0   
b01avi13765403.ahe.pok.ibm.com : ok=3    changed=1    unreachable=0    failed=0   
b01avi13765404.ahe.pok.ibm.com : ok=3    changed=1    unreachable=0    failed=0   
b01avi13765405.ahe.pok.ibm.com : ok=1    changed=0    unreachable=0    failed=1   
b01avi13765406.ahe.pok.ibm.com : ok=3    changed=1    unreachable=0    failed=0   
b01avi13765408.ahe.pok.ibm.com : ok=0    changed=0    unreachable=0    failed=1   
b01avi13765409.ahe.pok.ibm.com : ok=3    changed=1    unreachable=0    failed=0   
b01avi18652570.ahe.pok.ibm.com : ok=3    changed=1    unreachable=0    failed=0   
b01avi18666370.ahe.pok.ibm.com : ok=3    changed=1    unreachable=0    failed=0   
b01ciproxy002.ahe.pok.ibm.com : ok=3    changed=1    unreachable=0    failed=0   
b01cxnp14055.gho.pok.ibm.com : ok=0    changed=0    unreachable=1    failed=0   
b01lciwodm001.ahe.pok.ibm.com : ok=1    changed=0    unreachable=0    failed=1   
b01zcimq004.pok.ibm.com    : ok=1    changed=0    unreachable=0    failed=1   
b01zcimq005.pok.ibm.com    : ok=1    changed=0    unreachable=0    failed=1   
b01zvi13645001.ahe.pok.ibm.com : ok=1    changed=0    unreachable=0    failed=1   
b01zvi13645003.ahe.pok.ibm.com : ok=1    changed=0    unreachable=0    failed=1   
b01zvi13645004.ahe.pok.ibm.com : ok=1    changed=0    unreachable=0    failed=1   
b01zvi14398350.ahe.pok.ibm.com : ok=1    changed=0    unreachable=0    failed=1   
b03aciproxy001.ahe.boulder.ibm.com : ok=3    changed=1    unreachable=0    failed=0   
b03aciproxy002.ahe.boulder.ibm.com : ok=1    changed=0    unreachable=0    failed=1   
b03aciproxy003.ahe.boulder.ibm.com : ok=1    changed=0    unreachable=0    failed=1   
b03aciproxy004.ahe.boulder.ibm.com : ok=1    changed=0    unreachable=0    failed=1   
b03cxnp07055.gho.boulder.ibm.com : ok=1    changed=0    unreachable=0    failed=1   
b03zcimq005.boulder.ibm.com : ok=1    changed=0    unreachable=0    failed=1   
b03zcimq006.boulder.ibm.com : ok=1    changed=0    unreachable=0    failed=1   
b03zvi13868160.ahe.boulder.ibm.com : ok=1    changed=0    unreachable=0    failed=1   
b03zvi14724770.ahe.boulder.ibm.com : ok=1    changed=0    unreachable=0    failed=1   
b03zvi14724771.ahe.boulder.ibm.com : ok=1    changed=0    unreachable=0    failed=1   
b03zvi14724772.ahe.boulder.ibm.com : ok=1    changed=0    unreachable=0    failed=1   
b03zvi14724773.ahe.boulder.ibm.com : ok=1    changed=0    unreachable=0    failed=1   
g01acdrdb011.ahe.pok.ibm.com : ok=3    changed=1    unreachable=0    failed=0   
g01aciwpr003.ahe.pok.ibm.com : ok=3    changed=1    unreachable=0    failed=0   
g01zcxrdb013.ahe.pok.ibm.com : ok=1    changed=0    unreachable=0    failed=1   
g01zcxwas035.ahe.pok.ibm.com : ok=1    changed=0    unreachable=0    failed=1   
g01zcxwas036.ahe.pok.ibm.com : ok=1    changed=0    unreachable=0    failed=1   
g03acddbp001.ahe.boulder.ibm.com : ok=3    changed=1    unreachable=0    failed=0   
g03acddbp002.ahe.boulder.ibm.com : ok=1    changed=0    unreachable=0    failed=1   
g03acdnfs001.ahe.boulder.ibm.com : ok=3    changed=1    unreachable=0    failed=0   
g03acdnfs002.ahe.boulder.ibm.com : ok=1    changed=0    unreachable=0    failed=1   
g03acdrdbha013.ahe.boulder.ibm.com : ok=3    changed=1    unreachable=0    failed=0   
g03acdrdbha014.ahe.boulder.ibm.com : ok=3    changed=1    unreachable=0    failed=0   
g03acdwas009.ahe.boulder.ibm.com : ok=3    changed=1    unreachable=0    failed=0   
g03acdwas010.ahe.boulder.ibm.com : ok=3    changed=1    unreachable=0    failed=0   
g03acdwas011.ahe.boulder.ibm.com : ok=3    changed=1    unreachable=0    failed=0   
g03acdwas012.ahe.boulder.ibm.com : ok=3    changed=1    unreachable=0    failed=0   
g03acdwas013.ahe.boulder.ibm.com : ok=3    changed=1    unreachable=0    failed=0   
g03acdwas014.ahe.boulder.ibm.com : ok=1    changed=0    unreachable=0    failed=1   
g03zcxrdb007.ahe.boulder.ibm.com : ok=1    changed=0    unreachable=0    failed=1   
g03zcxwas088.ahe.boulder.ibm.com : ok=1    changed=0    unreachable=0    failed=1   
g03zcxwas089.ahe.boulder.ibm.com : ok=1    changed=0    unreachable=0    failed=1   
y03acxproxy001.maint.ahe.boulder.ibm.com : ok=1    changed=0    unreachable=0    failed=1   
y03acxproxy002.maint.ahe.boulder.ibm.com : ok=1    changed=0    unreachable=0    failed=1   
y03acxproxy003.maint.ahe.boulder.ibm.com : ok=1    changed=0    unreachable=0    failed=1   
y03acxproxy004.maint.ahe.boulder.ibm.com : ok=1    changed=0    unreachable=0    failed=1   

